<?xml version="1.0" encoding="UTF-8"?><testsuite errors="1" failures="0" name="eliminar productos" skipped="0" tests="1" time="80.92" timestamp="2022-12-16 08:58:28"><testcase name="eliminar prductos del carrito"><error message="Could not instantiate class org.openqa.selenium.chrome.ChromeDriver" type="net.thucydides.core.webdriver.DriverConfigurationError">Could not instantiate class org.openqa.selenium.chrome.ChromeDriver</error><system-err>Could not instantiate class org.openqa.selenium.chrome.ChromeDriver&#13;
com.amazon.stepDefinitions.RegistroStepDefinition.elUsuarioSeEncuentraEnLaPaginaWeb(RegistroStepDefinition.java:39)&#13;
cucumber.runner.Runner.runPickle(Runner.java:80)&#13;
worker.org.gradle.process.internal.worker.GradleWorkerMain.run(GradleWorkerMain.java:69)&#13;
worker.org.gradle.process.internal.worker.GradleWorkerMain.main(GradleWorkerMain.java:74)&#13;
</system-err></testcase></testsuite>